#
# A fatal error has been detected by the Java Runtime Environment:
#
#  EXCEPTION_ACCESS_VIOLATION (0xc0000005) at pc=0x000000005eecb610, pid=6672, tid=8404
#
# JRE version: Java(TM) SE Runtime Environment (8.0_60-b27) (build 1.8.0_60-b27)
# Java VM: Java HotSpot(TM) 64-Bit Server VM (25.60-b23 mixed mode windows-amd64 compressed oops)
# Problematic frame:
# V  [jvm.dll+0xeb610]
#
# Failed to write core dump. Minidumps are not enabled by default on client versions of Windows
#
# If you would like to submit a bug report, please visit:
#   http://bugreport.java.com/bugreport/crash.jsp
#

---------------  T H R E A D  ---------------

Current thread (0x0000000002548000):  JavaThread "main" [_thread_in_vm, id=8404, stack(0x0000000002440000,0x0000000002540000)]

siginfo: ExceptionCode=0xc0000005, reading address 0xffffffffffffffff

Registers:
RAX=0x0000000000000011, RBX=0x0000000000000000, RCX=0x0000000000000011, RDX=0x0000000000000000
RSP=0x000000000253d5e8, RBP=0x00000000000007ff, RSI=0x00000000e232a8e8, RDI=0x0000000000000010
R8 =0x0000000000000010, R9 =0x0000000000000010, R10=0x00000000e232a8c0, R11=0x0000000000000000
R12=0x0000000000000000, R13=0x000000000201e600, R14=0x000000000201e610, R15=0x000000000201e9e8
RIP=0x000000005eecb610, EFLAGS=0x0000000000010246

Top of Stack: (sp=0x000000000253d5e8)
0x000000000253d5e8:   000000005f059d38 000000000253d6d0
0x000000000253d5f8:   0000000000000000 0000000002548000
0x000000000253d608:   000000005ee5d4fd 00000000e232a8c0
0x000000000253d618:   000000005ef242c0 0000000000000010
0x000000000253d628:   000000000201e510 0000000002548000
0x000000000253d638:   000000000253d7e0 0000000000000000
0x000000000253d648:   000000005ef2350e 0000000002548000
0x000000000253d658:   0000000000000000 0000000000000000
0x000000000253d668:   000000005ef2335c 0000000000000010
0x000000000253d678:   00000000025481f8 0000000000000000
0x000000000253d688:   000000000253d7d0 000000000253d6d0
0x000000000253d698:   0000000060c81aee 00000000000003d8
0x000000000253d6a8:   00000000e232a800 000000000253d7e0
0x000000000253d6b8:   0000000000000000 000000000253d6d0
0x000000000253d6c8:   348660c800000247 6e616c2f6176616a
0x000000000253d6d8:   676e697274532f67 0000000000000000 

Instructions: (pc=0x000000005eecb610)
0x000000005eecb5f0:   ff ff ff cc cc cc cc cc cc cc cc cc cc cc cc cc
0x000000005eecb600:   48 8b 89 30 01 00 00 e9 54 a3 f3 ff cc cc cc cc
0x000000005eecb610:   48 89 5c 24 08 57 48 83 ec 20 48 8b f9 8b 0d 75
0x000000005eecb620:   c0 6b 00 8b da ff 15 c5 7d 4e 00 44 8b c3 48 8b 


Register to memory mapping:

RAX=0x0000000000000011 is an unknown value
RBX=0x0000000000000000 is an unknown value
RCX=0x0000000000000011 is an unknown value
RDX=0x0000000000000000 is an unknown value
RSP=0x000000000253d5e8 is pointing into the stack for thread: 0x0000000002548000
RBP=0x00000000000007ff is an unknown value
RSI=0x00000000e232a8e8 is an oop

[error occurred during error reporting (printing register info), id 0xc0000005]

Stack: [0x0000000002440000,0x0000000002540000],  sp=0x000000000253d5e8,  free space=1013k
Native frames: (J=compiled Java code, j=interpreted, Vv=VM code, C=native code)
V  [jvm.dll+0xeb610]
V  [jvm.dll+0x279d38]
V  [jvm.dll+0x1442c0]
C  [java.dll+0x1aee]
C  0x0000000002907785

Java frames: (J=compiled Java code, j=interpreted, Vv=VM code)
J 655  java.lang.Class.forName0(Ljava/lang/String;ZLjava/lang/ClassLoader;Ljava/lang/Class;)Ljava/lang/Class; (0 bytes) @ 0x0000000002907707 [0x0000000002907680+0x87]
J 1159 C1 java.lang.Class.forName(Ljava/lang/String;ZLjava/lang/ClassLoader;)Ljava/lang/Class; (53 bytes) @ 0x0000000002a92cbc [0x0000000002a927c0+0x4fc]
J 1381 C1 sun.reflect.generics.visitor.Reifier.visitClassTypeSignature(Lsun/reflect/generics/tree/ClassTypeSignature;)V (381 bytes) @ 0x0000000002b501a4 [0x0000000002b4f2e0+0xec4]
J 1288 C1 sun.reflect.generics.tree.ClassTypeSignature.accept(Lsun/reflect/generics/visitor/TypeTreeVisitor;)V (8 bytes) @ 0x0000000002af4b74 [0x0000000002af4ac0+0xb4]
J 3730 C1 sun.reflect.generics.visitor.Reifier.reifyTypeArguments([Lsun/reflect/generics/tree/TypeArgument;)[Ljava/lang/reflect/Type; (38 bytes) @ 0x0000000002933714 [0x0000000002933560+0x1b4]
J 1381 C1 sun.reflect.generics.visitor.Reifier.visitClassTypeSignature(Lsun/reflect/generics/tree/ClassTypeSignature;)V (381 bytes) @ 0x0000000002b50274 [0x0000000002b4f2e0+0xf94]
J 1288 C1 sun.reflect.generics.tree.ClassTypeSignature.accept(Lsun/reflect/generics/visitor/TypeTreeVisitor;)V (8 bytes) @ 0x0000000002af4b74 [0x0000000002af4ac0+0xb4]
J 2853 C1 sun.reflect.generics.repository.MethodRepository.getReturnType()Ljava/lang/reflect/Type; (41 bytes) @ 0x000000000307c634 [0x000000000307c140+0x4f4]
J 1325 C1 java.lang.reflect.Method.specificToGenericStringHeader(Ljava/lang/StringBuilder;)V (48 bytes) @ 0x0000000002b15024 [0x0000000002b148a0+0x784]
J 1459 C1 java.lang.reflect.Executable.sharedToGenericString(IZ)Ljava/lang/String; (329 bytes) @ 0x0000000002b9be0c [0x0000000002b9b0e0+0xd2c]
j  java.lang.reflect.Method.toGenericString()Ljava/lang/String;+8
j  org.springframework.web.method.HandlerMethod.toString()Ljava/lang/String;+4
J 3198 C2 java.lang.StringBuilder.append(Ljava/lang/Object;)Ljava/lang/StringBuilder; (9 bytes) @ 0x000000000289a034 [0x0000000002899e00+0x234]
j  org.springframework.web.servlet.handler.AbstractHandlerMethodMapping$MappingRegistry.register(Ljava/lang/Object;Ljava/lang/Object;Ljava/lang/reflect/Method;)V+73
j  org.springframework.web.servlet.handler.AbstractHandlerMethodMapping.registerHandlerMethod(Ljava/lang/Object;Ljava/lang/reflect/Method;Ljava/lang/Object;)V+7
j  org.springframework.web.servlet.handler.AbstractHandlerMethodMapping.detectHandlerMethods(Ljava/lang/Object;)V+175
j  org.springframework.web.servlet.handler.AbstractHandlerMethodMapping.initHandlerMethods()V+190
j  org.springframework.web.servlet.handler.AbstractHandlerMethodMapping.afterPropertiesSet()V+1
j  org.springframework.web.servlet.mvc.method.annotation.RequestMappingHandlerMapping.afterPropertiesSet()V+78
j  org.springframework.beans.factory.support.AbstractAutowireCapableBeanFactory.invokeInitMethods(Ljava/lang/String;Ljava/lang/Object;Lorg/springframework/beans/factory/support/RootBeanDefinition;)V+109
j  org.springframework.beans.factory.support.AbstractAutowireCapableBeanFactory.initializeBean(Ljava/lang/String;Ljava/lang/Object;Lorg/springframework/beans/factory/support/RootBeanDefinition;)Ljava/lang/Object;+61
j  org.springframework.beans.factory.support.AbstractAutowireCapableBeanFactory.doCreateBean(Ljava/lang/String;Lorg/springframework/beans/factory/support/RootBeanDefinition;[Ljava/lang/Object;)Ljava/lang/Object;+263
j  org.springframework.beans.factory.support.AbstractAutowireCapableBeanFactory.createBean(Ljava/lang/String;Lorg/springframework/beans/factory/support/RootBeanDefinition;[Ljava/lang/Object;)Ljava/lang/Object;+169
j  org.springframework.beans.factory.support.AbstractBeanFactory$1.getObject()Ljava/lang/Object;+16
j  org.springframework.beans.factory.support.DefaultSingletonBeanRegistry.getSingleton(Ljava/lang/String;Lorg/springframework/beans/factory/ObjectFactory;)Ljava/lang/Object;+132
J 2499 C1 org.springframework.beans.factory.support.AbstractBeanFactory.doGetBean(Ljava/lang/String;Ljava/lang/Class;[Ljava/lang/Object;Z)Ljava/lang/Object; (727 bytes) @ 0x0000000002f0cb94 [0x0000000002f0c620+0x574]
j  org.springframework.beans.factory.support.AbstractBeanFactory.getBean(Ljava/lang/String;)Ljava/lang/Object;+5
j  org.springframework.beans.factory.support.DefaultListableBeanFactory.preInstantiateSingletons()V+231
j  org.springframework.context.support.AbstractApplicationContext.finishBeanFactoryInitialization(Lorg/springframework/beans/factory/config/ConfigurableListableBeanFactory;)V+126
j  org.springframework.context.support.AbstractApplicationContext.refresh()V+54
j  org.springframework.boot.context.embedded.EmbeddedWebApplicationContext.refresh()V+1
j  org.springframework.boot.SpringApplication.refresh(Lorg/springframework/context/ApplicationContext;)V+10
j  org.springframework.boot.SpringApplication.refreshContext(Lorg/springframework/context/ConfigurableApplicationContext;)V+2
j  org.springframework.boot.SpringApplication.run([Ljava/lang/String;)Lorg/springframework/context/ConfigurableApplicationContext;+91
j  org.springframework.boot.SpringApplication.run([Ljava/lang/Object;[Ljava/lang/String;)Lorg/springframework/context/ConfigurableApplicationContext;+9
j  org.springframework.boot.SpringApplication.run(Ljava/lang/Object;[Ljava/lang/String;)Lorg/springframework/context/ConfigurableApplicationContext;+9
j  com.oles.OlesApplication.main([Ljava/lang/String;)V+3
v  ~StubRoutines::call_stub
j  sun.reflect.NativeMethodAccessorImpl.invoke0(Ljava/lang/reflect/Method;Ljava/lang/Object;[Ljava/lang/Object;)Ljava/lang/Object;+0
j  sun.reflect.NativeMethodAccessorImpl.invoke(Ljava/lang/Object;[Ljava/lang/Object;)Ljava/lang/Object;+100
j  sun.reflect.DelegatingMethodAccessorImpl.invoke(Ljava/lang/Object;[Ljava/lang/Object;)Ljava/lang/Object;+6
j  java.lang.reflect.Method.invoke(Ljava/lang/Object;[Ljava/lang/Object;)Ljava/lang/Object;+56
j  com.intellij.rt.execution.application.AppMain.main([Ljava/lang/String;)V+170
v  ~StubRoutines::call_stub

---------------  P R O C E S S  ---------------

Java Threads: ( => current thread )
  0x000000001bc4b800 JavaThread "Abandoned connection cleanup thread" daemon [_thread_blocked, id=4684, stack(0x000000001f840000,0x000000001f940000)]
  0x000000001bc4a800 JavaThread "Tomcat JDBC Pool Cleaner[317574433:1508728811864]" daemon [_thread_blocked, id=1104, stack(0x000000001f010000,0x000000001f110000)]
  0x0000000019113000 JavaThread "container-0" [_thread_blocked, id=7776, stack(0x000000001df40000,0x000000001e040000)]
  0x000000001a3e2000 JavaThread "ContainerBackgroundProcessor[StandardEngine[Tomcat]]" daemon [_thread_blocked, id=4048, stack(0x000000001ca90000,0x000000001cb90000)]
  0x000000001922f800 JavaThread "localhost-startStop-1" daemon [_thread_blocked, id=3036, stack(0x000000001c530000,0x000000001c630000)]
  0x00000000193f8000 JavaThread "Tomcat-startStop-1" daemon [_thread_blocked, id=5392, stack(0x000000001ac60000,0x000000001ad60000)]
  0x00000000191f0800 JavaThread "Monitor Ctrl-Break" daemon [_thread_in_native, id=6160, stack(0x0000000019990000,0x0000000019a90000)]
  0x0000000018625800 JavaThread "Service Thread" daemon [_thread_blocked, id=9292, stack(0x0000000018e90000,0x0000000018f90000)]
  0x00000000171fa000 JavaThread "C1 CompilerThread2" daemon [_thread_blocked, id=2188, stack(0x0000000018d90000,0x0000000018e90000)]
  0x00000000171f3000 JavaThread "C2 CompilerThread1" daemon [_thread_in_native, id=1420, stack(0x0000000018c90000,0x0000000018d90000)]
  0x00000000171e6800 JavaThread "C2 CompilerThread0" daemon [_thread_in_native, id=3396, stack(0x0000000018b90000,0x0000000018c90000)]
  0x00000000185d3800 JavaThread "Attach Listener" daemon [_thread_blocked, id=960, stack(0x0000000018a90000,0x0000000018b90000)]
  0x00000000171f1800 JavaThread "Signal Dispatcher" daemon [_thread_blocked, id=8088, stack(0x0000000018990000,0x0000000018a90000)]
  0x0000000002639000 JavaThread "Finalizer" daemon [_thread_blocked, id=9532, stack(0x0000000018440000,0x0000000018540000)]
  0x0000000002636000 JavaThread "Reference Handler" daemon [_thread_blocked, id=6964, stack(0x0000000018340000,0x0000000018440000)]
=>0x0000000002548000 JavaThread "main" [_thread_in_vm, id=8404, stack(0x0000000002440000,0x0000000002540000)]

Other Threads:
  0x0000000017197800 VMThread [stack: 0x0000000018240000,0x0000000018340000] [id=1844]
  0x00000000186b7800 WatcherThread [stack: 0x0000000018f90000,0x0000000019090000] [id=7936]

VM state:not at safepoint (normal execution)

VM Mutex/Monitor currently owned by a thread: None

Heap:
 PSYoungGen      total 243200K, used 206226K [0x00000000d5d00000, 0x00000000eb880000, 0x0000000100000000)
  eden space 232448K, 88% used [0x00000000d5d00000,0x00000000e2664820,0x00000000e4000000)
  from space 10752K, 0% used [0x00000000e4000000,0x00000000e4000000,0x00000000e4a80000)
  to   space 14848K, 0% used [0x00000000eaa00000,0x00000000eaa00000,0x00000000eb880000)
 ParOldGen       total 87552K, used 24520K [0x0000000081600000, 0x0000000086b80000, 0x00000000d5d00000)
  object space 87552K, 28% used [0x0000000081600000,0x0000000082df22b0,0x0000000086b80000)
 Metaspace       used 47176K, capacity 47644K, committed 48000K, reserved 1091584K
  class space    used 6090K, capacity 6203K, committed 6272K, reserved 1048576K

Card table byte_map: [0x0000000011a00000,0x0000000011e00000] byte_map_base: 0x00000000115f5000

Marking Bits: (ParMarkBitMap*) 0x000000005f5ea5b0
 Begin Bits: [0x00000000124b0000, 0x0000000014458000)
 End Bits:   [0x0000000014458000, 0x0000000016400000)

Polling page: 0x00000000008a0000

CodeCache: size=245760Kb used=15896Kb max_used=15907Kb free=229863Kb
 bounds [0x0000000002640000, 0x00000000035e0000, 0x0000000011640000]
 total_blobs=4896 nmethods=4380 adapters=427
 compilation: enabled

Compilation events (10 events):
Event: 12.874 Thread 0x00000000171fa000 4968       1       org.springframework.context.expression.StandardBeanExpressionResolver$1::isTemplate (2 bytes)
Event: 12.875 Thread 0x00000000171fa000 nmethod 4968 0x00000000035c1b90 code [0x00000000035c1ce0, 0x00000000035c1df0]
Event: 12.875 Thread 0x00000000171fa000 4969       1       org.springframework.context.expression.StandardBeanExpressionResolver::access$000 (5 bytes)
Event: 12.875 Thread 0x00000000171fa000 nmethod 4969 0x00000000035c1e50 code [0x00000000035c1fa0, 0x00000000035c2090]
Event: 12.875 Thread 0x00000000171fa000 4970       1       org.springframework.context.expression.StandardBeanExpressionResolver::access$100 (5 bytes)
Event: 12.875 Thread 0x00000000171fa000 nmethod 4970 0x00000000035c2110 code [0x00000000035c2260, 0x00000000035c2350]
Event: 12.875 Thread 0x00000000171fa000 4971       2       sun.reflect.ByteVectorImpl::put (27 bytes)
Event: 12.876 Thread 0x00000000171fa000 nmethod 4971 0x00000000035c23d0 code [0x00000000035c2540, 0x00000000035c2728]
Event: 12.878 Thread 0x00000000171fa000 4972       2       org.springframework.web.servlet.mvc.condition.AbstractRequestCondition::hashCode (10 bytes)
Event: 12.878 Thread 0x00000000171fa000 nmethod 4972 0x00000000035c2850 code [0x00000000035c29c0, 0x00000000035c2b58]

GC Heap History (10 events):
Event: 4.033 GC heap before
{Heap before GC invocations=7 (full 1):
 PSYoungGen      total 141824K, used 5194K [0x00000000d5d00000, 0x00000000df100000, 0x0000000100000000)
  eden space 133120K, 0% used [0x00000000d5d00000,0x00000000d5d00000,0x00000000ddf00000)
  from space 8704K, 59% used [0x00000000de880000,0x00000000ded92968,0x00000000df100000)
  to   space 9216K, 0% used [0x00000000ddf00000,0x00000000ddf00000,0x00000000de800000)
 ParOldGen       total 87552K, used 7191K [0x0000000081600000, 0x0000000086b80000, 0x00000000d5d00000)
  object space 87552K, 8% used [0x0000000081600000,0x0000000081d05d78,0x0000000086b80000)
 Metaspace       used 20844K, capacity 21092K, committed 21296K, reserved 1069056K
  class space    used 2494K, capacity 2567K, committed 2688K, reserved 1048576K
Event: 4.095 GC heap after
Heap after GC invocations=7 (full 1):
 PSYoungGen      total 141824K, used 0K [0x00000000d5d00000, 0x00000000df100000, 0x0000000100000000)
  eden space 133120K, 0% used [0x00000000d5d00000,0x00000000d5d00000,0x00000000ddf00000)
  from space 8704K, 0% used [0x00000000de880000,0x00000000de880000,0x00000000df100000)
  to   space 9216K, 0% used [0x00000000ddf00000,0x00000000ddf00000,0x00000000de800000)
 ParOldGen       total 51712K, used 7575K [0x0000000081600000, 0x0000000084880000, 0x00000000d5d00000)
  object space 51712K, 14% used [0x0000000081600000,0x0000000081d65e60,0x0000000084880000)
 Metaspace       used 20844K, capacity 21092K, committed 21296K, reserved 1069056K
  class space    used 2494K, capacity 2567K, committed 2688K, reserved 1048576K
}
Event: 5.291 GC heap before
{Heap before GC invocations=8 (full 1):
 PSYoungGen      total 141824K, used 133120K [0x00000000d5d00000, 0x00000000df100000, 0x0000000100000000)
  eden space 133120K, 100% used [0x00000000d5d00000,0x00000000ddf00000,0x00000000ddf00000)
  from space 8704K, 0% used [0x00000000de880000,0x00000000de880000,0x00000000df100000)
  to   space 9216K, 0% used [0x00000000ddf00000,0x00000000ddf00000,0x00000000de800000)
 ParOldGen       total 51712K, used 7575K [0x0000000081600000, 0x0000000084880000, 0x00000000d5d00000)
  object space 51712K, 14% used [0x0000000081600000,0x0000000081d65e60,0x0000000084880000)
 Metaspace       used 22266K, capacity 22548K, committed 22704K, reserved 1069056K
  class space    used 2699K, capacity 2767K, committed 2816K, reserved 1048576K
Event: 5.301 GC heap after
Heap after GC invocations=8 (full 1):
 PSYoungGen      total 142336K, used 6961K [0x00000000d5d00000, 0x00000000e5500000, 0x0000000100000000)
  eden space 133120K, 0% used [0x00000000d5d00000,0x00000000d5d00000,0x00000000ddf00000)
  from space 9216K, 75% used [0x00000000ddf00000,0x00000000de5cc7b0,0x00000000de800000)
  to   space 9216K, 0% used [0x00000000e4c00000,0x00000000e4c00000,0x00000000e5500000)
 ParOldGen       total 51712K, used 7583K [0x0000000081600000, 0x0000000084880000, 0x00000000d5d00000)
  object space 51712K, 14% used [0x0000000081600000,0x0000000081d67e60,0x0000000084880000)
 Metaspace       used 22266K, capacity 22548K, committed 22704K, reserved 1069056K
  class space    used 2699K, capacity 2767K, committed 2816K, reserved 1048576K
}
Event: 7.070 GC heap before
{Heap before GC invocations=9 (full 1):
 PSYoungGen      total 142336K, used 140081K [0x00000000d5d00000, 0x00000000e5500000, 0x0000000100000000)
  eden space 133120K, 100% used [0x00000000d5d00000,0x00000000ddf00000,0x00000000ddf00000)
  from space 9216K, 75% used [0x00000000ddf00000,0x00000000de5cc7b0,0x00000000de800000)
  to   space 9216K, 0% used [0x00000000e4c00000,0x00000000e4c00000,0x00000000e5500000)
 ParOldGen       total 51712K, used 7583K [0x0000000081600000, 0x0000000084880000, 0x00000000d5d00000)
  object space 51712K, 14% used [0x0000000081600000,0x0000000081d67e60,0x0000000084880000)
 Metaspace       used 28220K, capacity 28564K, committed 28800K, reserved 1075200K
  class space    used 3538K, capacity 3647K, committed 3712K, reserved 1048576K
Event: 7.090 GC heap after
Heap after GC invocations=9 (full 1):
 PSYoungGen      total 239616K, used 9199K [0x00000000d5d00000, 0x00000000e5500000, 0x0000000100000000)
  eden space 230400K, 0% used [0x00000000d5d00000,0x00000000d5d00000,0x00000000e3e00000)
  from space 9216K, 99% used [0x00000000e4c00000,0x00000000e54fbd60,0x00000000e5500000)
  to   space 10752K, 0% used [0x00000000e4000000,0x00000000e4000000,0x00000000e4a80000)
 ParOldGen       total 51712K, used 8488K [0x0000000081600000, 0x0000000084880000, 0x00000000d5d00000)
  object space 51712K, 16% used [0x0000000081600000,0x0000000081e4a270,0x0000000084880000)
 Metaspace       used 28220K, capacity 28564K, committed 28800K, reserved 1075200K
  class space    used 3538K, capacity 3647K, committed 3712K, reserved 1048576K
}
Event: 9.116 GC heap before
{Heap before GC invocations=10 (full 1):
 PSYoungGen      total 239616K, used 176351K [0x00000000d5d00000, 0x00000000e5500000, 0x0000000100000000)
  eden space 230400K, 72% used [0x00000000d5d00000,0x00000000e003c0c8,0x00000000e3e00000)
  from space 9216K, 99% used [0x00000000e4c00000,0x00000000e54fbd60,0x00000000e5500000)
  to   space 10752K, 0% used [0x00000000e4000000,0x00000000e4000000,0x00000000e4a80000)
 ParOldGen       total 51712K, used 8488K [0x0000000081600000, 0x0000000084880000, 0x00000000d5d00000)
  object space 51712K, 16% used [0x0000000081600000,0x0000000081e4a270,0x0000000084880000)
 Metaspace       used 34878K, capacity 35238K, committed 35456K, reserved 1079296K
  class space    used 4493K, capacity 4610K, committed 4736K, reserved 1048576K
Event: 9.147 GC heap after
Heap after GC invocations=10 (full 1):
 PSYoungGen      total 243200K, used 10735K [0x00000000d5d00000, 0x00000000eb880000, 0x0000000100000000)
  eden space 232448K, 0% used [0x00000000d5d00000,0x00000000d5d00000,0x00000000e4000000)
  from space 10752K, 99% used [0x00000000e4000000,0x00000000e4a7bd60,0x00000000e4a80000)
  to   space 14848K, 0% used [0x00000000eaa00000,0x00000000eaa00000,0x00000000eb880000)
 ParOldGen       total 51712K, used 15267K [0x0000000081600000, 0x0000000084880000, 0x00000000d5d00000)
  object space 51712K, 29% used [0x0000000081600000,0x00000000824e8e40,0x0000000084880000)
 Metaspace       used 34878K, capacity 35238K, committed 35456K, reserved 1079296K
  class space    used 4493K, capacity 4610K, committed 4736K, reserved 1048576K
}
Event: 9.147 GC heap before
{Heap before GC invocations=11 (full 2):
 PSYoungGen      total 243200K, used 10735K [0x00000000d5d00000, 0x00000000eb880000, 0x0000000100000000)
  eden space 232448K, 0% used [0x00000000d5d00000,0x00000000d5d00000,0x00000000e4000000)
  from space 10752K, 99% used [0x00000000e4000000,0x00000000e4a7bd60,0x00000000e4a80000)
  to   space 14848K, 0% used [0x00000000eaa00000,0x00000000eaa00000,0x00000000eb880000)
 ParOldGen       total 51712K, used 15267K [0x0000000081600000, 0x0000000084880000, 0x00000000d5d00000)
  object space 51712K, 29% used [0x0000000081600000,0x00000000824e8e40,0x0000000084880000)
 Metaspace       used 34878K, capacity 35238K, committed 35456K, reserved 1079296K
  class space    used 4493K, capacity 4610K, committed 4736K, reserved 1048576K
Event: 9.335 GC heap after
Heap after GC invocations=11 (full 2):
 PSYoungGen      total 243200K, used 0K [0x00000000d5d00000, 0x00000000eb880000, 0x0000000100000000)
  eden space 232448K, 0% used [0x00000000d5d00000,0x00000000d5d00000,0x00000000e4000000)
  from space 10752K, 0% used [0x00000000e4000000,0x00000000e4000000,0x00000000e4a80000)
  to   space 14848K, 0% used [0x00000000eaa00000,0x00000000eaa00000,0x00000000eb880000)
 ParOldGen       total 87552K, used 24520K [0x0000000081600000, 0x0000000086b80000, 0x00000000d5d00000)
  object space 87552K, 28% used [0x0000000081600000,0x0000000082df22b0,0x0000000086b80000)
 Metaspace       used 34878K, capacity 35238K, committed 35456K, reserved 1079296K
  class space    used 4493K, capacity 4610K, committed 4736K, reserved 1048576K
}

Deoptimization events (10 events):
Event: 11.809 Thread 0x0000000002548000 Uncommon trap: reason=class_check action=maybe_recompile pc=0x00000000030c6808 method=org.springframework.beans.factory.support.AbstractBeanFactory.isTypeMatch(Ljava/lang/String;Lorg/springframework/core/ResolvableType;)Z @ 37
Event: 11.810 Thread 0x0000000002548000 Uncommon trap: reason=class_check action=maybe_recompile pc=0x00000000030c6808 method=org.springframework.beans.factory.support.AbstractBeanFactory.isTypeMatch(Ljava/lang/String;Lorg/springframework/core/ResolvableType;)Z @ 37
Event: 11.958 Thread 0x0000000002548000 Uncommon trap: reason=class_check action=maybe_recompile pc=0x0000000002ed0d14 method=java.lang.reflect.Executable.getAnnotation(Ljava/lang/Class;)Ljava/lang/annotation/Annotation; @ 19
Event: 11.958 Thread 0x0000000002548000 Uncommon trap: reason=class_check action=maybe_recompile pc=0x0000000002ed0d14 method=java.lang.reflect.Executable.getAnnotation(Ljava/lang/Class;)Ljava/lang/annotation/Annotation; @ 19
Event: 12.003 Thread 0x0000000002548000 Uncommon trap: reason=unstable_if action=reinterpret pc=0x00000000029ce17c method=sun.reflect.misc.ReflectUtil.isNonPublicProxyClass(Ljava/lang/Class;)Z @ 33
Event: 12.025 Thread 0x0000000002548000 Uncommon trap: reason=unstable_if action=reinterpret pc=0x00000000033a621c method=java.util.HashMap.putMapEntries(Ljava/util/Map;Z)V @ 53
Event: 12.297 Thread 0x0000000002548000 Uncommon trap: reason=unstable_if action=reinterpret pc=0x00000000035106e4 method=java.util.regex.Pattern.compile()V @ 349
Event: 12.406 Thread 0x0000000002548000 Uncommon trap: reason=null_check action=make_not_entrant pc=0x00000000030ce6ac method=org.springframework.beans.factory.support.DefaultSingletonBeanRegistry.getSingleton(Ljava/lang/String;Z)Ljava/lang/Object; @ 60
Event: 12.444 Thread 0x0000000002548000 Uncommon trap: reason=class_check action=maybe_recompile pc=0x000000000314f514 method=java.util.AbstractList$Itr.hasNext()Z @ 8
Event: 12.467 Thread 0x0000000002548000 Uncommon trap: reason=class_check action=maybe_recompile pc=0x0000000002ed0d14 method=java.lang.reflect.Executable.getAnnotation(Ljava/lang/Class;)Ljava/lang/annotation/Annotation; @ 19

Internal exceptions (10 events):
Event: 12.823 Thread 0x0000000002548000 Exception <a 'java/lang/ClassNotFoundException': org/springframework/web/servlet/handler/AbstractHandlerMethodMappingCustomizer> (0x00000000e20424a8) thrown at [C:\re\workspace\8-2-build-windows-amd64-cygwin\jdk8u60\4407\hotspot\src\share\vm\classfile\syst«˛ùÙ•)@
Event: 12.824 Thread 0x0000000002548000 Exception <a 'java/lang/ClassNotFoundException': org/springframework/web/servlet/mvc/method/RequestMappingInfoHandlerMappingCustomizer> (0x00000000e2077d48) thrown at [C:\re\workspace\8-2-build-windows-amd64-cygwin\jdk8u60\4407\hotspot\src\share\vm\classfi
Event: 12.825 Thread 0x0000000002548000 Exception <a 'java/lang/ClassNotFoundException': org/springframework/web/servlet/mvc/method/annotation/RequestMappingHandlerMappingCustomizer> (0x00000000e20a5198) thrown at [C:\re\workspace\8-2-build-windows-amd64-cygwin\jdk8u60\4407\hotspot\src\share\vm\iäbƒeß)@
Event: 12.827 Thread 0x0000000002548000 Exception <a 'java/lang/ClassNotFoundException': org/springframework/web/servlet/handler/MatchableHandlerMappingCustomizer> (0x00000000e20f4ff0) thrown at [C:\re\workspace\8-2-build-windows-amd64-cygwin\jdk8u60\4407\hotspot\src\share\vm\classfile\systemDicıQGH≈ß)@
Event: 12.828 Thread 0x0000000002548000 Exception <a 'java/lang/ClassNotFoundException': org/springframework/context/EmbeddedValueResolverAwareCustomizer> (0x00000000e2112060) thrown at [C:\re\workspace\8-2-build-windows-amd64-cygwin\jdk8u60\4407\hotspot\src\share\vm\classfile\systemDictionary.c§¥d´¨)@
Event: 12.837 Thread 0x0000000002548000 Exception <a 'java/lang/ClassNotFoundException': org/springframework/beans/factory/InitializingBeanCustomizer> (0x00000000e212e128) thrown at [C:\re\workspace\8-2-build-windows-amd64-cygwin\jdk8u60\4407\hotspot\src\share\vm\classfile\systemDictionary.cpp, u»ﬁ„Æ)@
Event: 12.840 Thread 0x0000000002548000 Exception <a 'java/lang/ClassNotFoundException': org/springframework/web/servlet/HandlerMappingCustomizer> (0x00000000e2148558) thrown at [C:\re\workspace\8-2-build-windows-amd64-cygwin\jdk8u60\4407\hotspot\src\share\vm\classfile\systemDictionary.cpp, line%&dmÆ)@
Event: 12.841 Thread 0x0000000002548000 Exception <a 'java/lang/ClassNotFoundException': org/springframework/core/OrderedCustomizer> (0x00000000e215df20) thrown at [C:\re\workspace\8-2-build-windows-amd64-cygwin\jdk8u60\4407\hotspot\src\share\vm\classfile\systemDictionary.cpp, line 210]
Event: 12.842 Thread 0x0000000002548000 Exception <a 'java/lang/ClassNotFoundException': org/springframework/web/context/ServletContextAwareCustomizer> (0x00000000e217a110) thrown at [C:\re\workspace\8-2-build-windows-amd64-cygwin\jdk8u60\4407\hotspot\src\share\vm\classfile\systemDictionary.cpp,óf.[@Ø)@
Event: 12.842 Thread 0x0000000002548000 Exception <a 'java/lang/ClassNotFoundException': org/springframework/context/ApplicationContextAwareCustomizer> (0x00000000e2196748) thrown at [C:\re\workspace\8-2-build-windows-amd64-cygwin\jdk8u60\4407\hotspot\src\share\vm\classfile\systemDictionary.cpp,ı~~h\•)@

Events (10 events):
Event: 12.860 loading class org/springframework/web/servlet/mvc/condition/ProducesRequestCondition$ProduceMediaTypeExpression
Event: 12.860 loading class org/springframework/web/servlet/mvc/condition/ProducesRequestCondition$ProduceMediaTypeExpression done
Event: 12.862 loading class org/springframework/web/servlet/mvc/condition/RequestConditionHolder
Event: 12.862 loading class org/springframework/web/servlet/mvc/condition/RequestConditionHolder done
Event: 12.863 loading class org/springframework/core/annotation/MapAnnotationAttributeExtractor
Event: 12.863 loading class org/springframework/core/annotation/MapAnnotationAttributeExtractor done
Event: 12.864 Executing VM operation: Deoptimize
Event: 12.864 Executing VM operation: Deoptimize done
Event: 12.867 loading class org/springframework/web/servlet/handler/AbstractHandlerMethodMapping$MappingRegistration
Event: 12.867 loading class org/springframework/web/servlet/handler/AbstractHandlerMethodMapping$MappingRegistration done


Dynamic libraries:
0x00007ff6a5f20000 - 0x00007ff6a5f57000 	C:\Program Files\Java\jdk1.8.0_60\bin\java.exe
0x00007ffc91c50000 - 0x00007ffc91dfd000 	C:\Windows\SYSTEM32\ntdll.dll
0x00007ffc8fc70000 - 0x00007ffc8fdae000 	C:\Windows\system32\KERNEL32.DLL
0x00007ffc8f0f0000 - 0x00007ffc8f205000 	C:\Windows\system32\KERNELBASE.dll
0x00007ffc8d920000 - 0x00007ffc8d9ae000 	C:\Windows\system32\apphelp.dll
0x00007ffc8c910000 - 0x00007ffc8c963000 	C:\Windows\AppPatch\AppPatch64\AcGenral.DLL
0x00007ffc8f5e0000 - 0x00007ffc8f68a000 	C:\Windows\system32\msvcrt.dll
0x00007ffc8eb60000 - 0x00007ffc8eb8e000 	C:\Windows\SYSTEM32\SspiCli.dll
0x00007ffc91bf0000 - 0x00007ffc91c44000 	C:\Windows\system32\SHLWAPI.dll
0x00007ffc8faf0000 - 0x00007ffc8fc67000 	C:\Windows\system32\USER32.dll
0x00007ffc91a30000 - 0x00007ffc91bc4000 	C:\Windows\system32\ole32.dll
0x00007ffc8fdb0000 - 0x00007ffc912d9000 	C:\Windows\system32\SHELL32.dll
0x00007ffc8e320000 - 0x00007ffc8e341000 	C:\Windows\SYSTEM32\USERENV.dll
0x00007ffc912e0000 - 0x00007ffc9138a000 	C:\Windows\system32\ADVAPI32.dll
0x00007ffc829c0000 - 0x00007ffc829de000 	C:\Windows\SYSTEM32\MPR.dll
0x00007ffc91390000 - 0x00007ffc914d1000 	C:\Windows\system32\RPCRT4.dll
0x00007ffc8f410000 - 0x00007ffc8f469000 	C:\Windows\SYSTEM32\sechost.dll
0x00007ffc8f870000 - 0x00007ffc8fa82000 	C:\Windows\SYSTEM32\combase.dll
0x00007ffc8f2c0000 - 0x00007ffc8f40b000 	C:\Windows\system32\GDI32.dll
0x00007ffc8ed90000 - 0x00007ffc8eda5000 	C:\Windows\SYSTEM32\profapi.dll
0x00007ffc8d350000 - 0x00007ffc8d402000 	C:\Windows\SYSTEM32\SHCORE.dll
0x00007ffc8f690000 - 0x00007ffc8f6c6000 	C:\Windows\system32\IMM32.DLL
0x00007ffc8f480000 - 0x00007ffc8f5d2000 	C:\Windows\system32\MSCTF.dll
0x00007ffc8bb40000 - 0x00007ffc8bdbb000 	C:\Windows\WinSxS\amd64_microsoft.windows.common-controls_6595b64144ccf1df_6.0.9600.18006_none_623f33d3ecbe86e8\COMCTL32.dll
0x0000000060720000 - 0x00000000607f2000 	C:\Program Files\Java\jdk1.8.0_60\jre\bin\msvcr100.dll
0x000000005ede0000 - 0x000000005f669000 	C:\Program Files\Java\jdk1.8.0_60\jre\bin\server\jvm.dll
0x00007ffc8d8c0000 - 0x00007ffc8d8c9000 	C:\Windows\SYSTEM32\WSOCK32.dll
0x00007ffc8b700000 - 0x00007ffc8b722000 	C:\Windows\SYSTEM32\WINMM.dll
0x00007ffc8b730000 - 0x00007ffc8b73a000 	C:\Windows\SYSTEM32\VERSION.dll
0x00007ffc8f470000 - 0x00007ffc8f477000 	C:\Windows\system32\PSAPI.DLL
0x00007ffc8fa90000 - 0x00007ffc8faea000 	C:\Windows\system32\WS2_32.dll
0x00007ffc8b6c0000 - 0x00007ffc8b6ea000 	C:\Windows\SYSTEM32\WINMMBASE.dll
0x00007ffc8f860000 - 0x00007ffc8f869000 	C:\Windows\system32\NSI.dll
0x00007ffc8f0a0000 - 0x00007ffc8f0ef000 	C:\Windows\SYSTEM32\cfgmgr32.dll
0x00007ffc8db70000 - 0x00007ffc8db98000 	C:\Windows\SYSTEM32\DEVOBJ.dll
0x0000000060cb0000 - 0x0000000060cbf000 	C:\Program Files\Java\jdk1.8.0_60\jre\bin\verify.dll
0x0000000060c80000 - 0x0000000060ca9000 	C:\Program Files\Java\jdk1.8.0_60\jre\bin\java.dll
0x0000000060c60000 - 0x0000000060c76000 	C:\Program Files\Java\jdk1.8.0_60\jre\bin\zip.dll
0x00007ffc8d890000 - 0x00007ffc8d8a0000 	H:\IntelliJ IDEA 2016.2.4\bin\breakgen64.dll
0x0000000060c40000 - 0x0000000060c5a000 	C:\Program Files\Java\jdk1.8.0_60\jre\bin\net.dll
0x00007ffc8e590000 - 0x00007ffc8e5e9000 	C:\Windows\system32\mswsock.dll
0x0000000060a90000 - 0x0000000060a9d000 	C:\Program Files\Java\jdk1.8.0_60\jre\bin\management.dll
0x00007ffc80dd0000 - 0x00007ffc80de5000 	C:\Windows\system32\napinsp.dll
0x00007ffc80cc0000 - 0x00007ffc80cda000 	C:\Windows\system32\pnrpnsp.dll
0x00007ffc89460000 - 0x00007ffc8947b000 	C:\Windows\system32\NLAapi.dll
0x00007ffc8e390000 - 0x00007ffc8e434000 	C:\Windows\SYSTEM32\DNSAPI.dll
0x00007ffc80cb0000 - 0x00007ffc80cbd000 	C:\Windows\System32\winrnr.dll
0x00007ffc80c90000 - 0x00007ffc80ca4000 	C:\Windows\system32\wshbth.dll
0x00007ffc813e0000 - 0x00007ffc813ea000 	C:\Windows\System32\rasadhlp.dll
0x00007ffc88f40000 - 0x00007ffc88f6a000 	C:\Windows\SYSTEM32\IPHLPAPI.DLL
0x00007ffc88ec0000 - 0x00007ffc88eca000 	C:\Windows\SYSTEM32\WINNSI.DLL
0x00007ffc88b40000 - 0x00007ffc88bab000 	C:\Windows\System32\fwpuclnt.dll
0x0000000060c20000 - 0x0000000060c31000 	C:\Program Files\Java\jdk1.8.0_60\jre\bin\nio.dll
0x00007ffc8e5f0000 - 0x00007ffc8e610000 	C:\Windows\SYSTEM32\CRYPTSP.dll
0x00007ffc8e210000 - 0x00007ffc8e246000 	C:\Windows\system32\rsaenh.dll
0x00007ffc8e840000 - 0x00007ffc8e866000 	C:\Windows\SYSTEM32\bcrypt.dll
0x00007ffc8eb90000 - 0x00007ffc8ebf3000 	C:\Windows\system32\bcryptprimitives.dll
0x00007ffc8ec00000 - 0x00007ffc8ec0b000 	C:\Windows\SYSTEM32\CRYPTBASE.dll
0x00007ffc88bb0000 - 0x00007ffc88bc6000 	C:\Windows\SYSTEM32\dhcpcsvc6.DLL
0x00007ffc88c20000 - 0x00007ffc88c3a000 	C:\Windows\SYSTEM32\dhcpcsvc.DLL
0x00007ffc6fa40000 - 0x00007ffc6fbc9000 	C:\Windows\SYSTEM32\dbghelp.dll

VM Arguments:
jvm_args: -Didea.launcher.port=7533 -Didea.launcher.bin.path=H:\IntelliJ IDEA 2016.2.4\bin -Dfile.encoding=UTF-8 
java_command: com.intellij.rt.execution.application.AppMain com.oles.OlesApplication
java_class_path (initial): C:\Program Files\Java\jdk1.8.0_60\jre\lib\charsets.jar;C:\Program Files\Java\jdk1.8.0_60\jre\lib\deploy.jar;C:\Program Files\Java\jdk1.8.0_60\jre\lib\ext\access-bridge-64.jar;C:\Program Files\Java\jdk1.8.0_60\jre\lib\ext\cldrdata.jar;C:\Program Files\Java\jdk1.8.0_60\jre\lib\ext\dnsns.jar;C:\Program Files\Java\jdk1.8.0_60\jre\lib\ext\jaccess.jar;C:\Program Files\Java\jdk1.8.0_60\jre\lib\ext\jfxrt.jar;C:\Program Files\Java\jdk1.8.0_60\jre\lib\ext\localedata.jar;C:\Program Files\Java\jdk1.8.0_60\jre\lib\ext\nashorn.jar;C:\Program Files\Java\jdk1.8.0_60\jre\lib\ext\sunec.jar;C:\Program Files\Java\jdk1.8.0_60\jre\lib\ext\sunjce_provider.jar;C:\Program Files\Java\jdk1.8.0_60\jre\lib\ext\sunmscapi.jar;C:\Program Files\Java\jdk1.8.0_60\jre\lib\ext\sunpkcs11.jar;C:\Program Files\Java\jdk1.8.0_60\jre\lib\ext\zipfs.jar;C:\Program Files\Java\jdk1.8.0_60\jre\lib\javaws.jar;C:\Program Files\Java\jdk1.8.0_60\jre\lib\jce.jar;C:\Program Files\Java\jdk1.8.0_60\jre\lib\jfr.jar;C:\Program Files\Java\jdk1.8.0_60\jre\lib\jfxswt.jar;C:\Program Files\Java\jdk1.8.0_60\jre\lib\jsse.jar;C:\Program Files\Java\jdk1.8.0_60\jre\lib\management-agent.jar;C:\Program Files\Java\jdk1.8.0_60\jre\lib\plugin.jar;C:\Program Files\Java\jdk1.8.0_60\jre\lib\resources.jar;C:\Program Files\Java\jdk1.8.0_60\jre\lib\rt.jar;H:\tomcat9\lib;F:\springboot\oles1\build\classes\main;F:\springboot\oles1\build\resources\main;C:\Users\dell\.gradle\caches\modules-2\files-2.1\org.springframework.boot\spring-boot-starter-data-jpa\1.4.7.RELEASE\ab83efd2522e8a9c2a8f7fa14d4cb71e88c7a30c\spring-boot-starter-data-jpa-1.4.7.RELEASE.jar;C:\Users\dell\.gradle\caches\modules-2\files-2.1\org.springframework.boot\spring-boot-starter-jdbc\1.4.7.RELEASE\8346dd8dfdd415206979219bee54257b5f0c0a0c\spring-boot-starter-jdbc-1.4.7.RELEASE.jar;C:\Users\dell\.gradle\caches\modules-2\files-2.1\org.springframework.boot\spring-boot-starter-security\1.4.7.RELEASE\da8f98ec4e1eb7d54997117dbdb42f3d0d8d08d7\spring-boot-start
Launcher Type: SUN_STANDARD

Environment Variables:
JAVA_HOME=C:\Program Files\Java\jdk1.8.0_60
JRE_HOME=C:\Program Files\Java\jre1.8.0_60
CLASSPATH=.;C:\Program Files\Java\jdk1.8.0_60\lib;C:\Program Files\Java\jdk1.8.0_60\lib\tools.jar
PATH=F:\mysql5617\bin;G:\android2017\03-android-sdk_r24.4.1-windows\android-sdk-windows\platform-tools;G:\android2017\03-android-sdk_r24.4.1-windows\android-sdk-windows\tools;F:\app\apache-maven-3.3.9\bin;C:\ProgramData\Oracle\Java\javapath;C:\Program Files\Java\jdk1.8.0_60\bin;C:\Program Files\Java\jdk1.8.0_60\jre\bin;C:\Windows\system32;C:\Windows;C:\Windows\system32\wbem;C:\Program Files (x86)\Microsoft SQL Server\100\Tools\Binn\;C:\Program Files\Microsoft SQL Server\100\Tools\Binn\;C:\Program Files\Microsoft SQL Server\100\DTS\Binn\;C:\Program Files (x86)\Microsoft SQL Server\100\Tools\Binn\VSShell\Common7\IDE\;C:\Program Files (x86)\Microsoft SQL Server\100\DTS\Binn\;C:\Program Files (x86)\Microsoft Visual Studio 9.0\Common7\IDE\PrivateAssemblies\;F:\»Ìº˛\git\Git\cmd;C:\C:\Program Files\Java\jdk1.8.0_60\bin;Program Files\MySQL\MySQL Utilities 1.6\;C:\Program Files (x86)\nodejs\;C:\Program Files (x86)\Microsoft SQL Server\90\Tools\binn\;C:\Program Files\nodejs\node_modules\npm\bin;F:\»Ìº˛\git\Git\bin;H:\android-sdk-windows\android-sdk-windows\platform-tools;C:\Users\dell\AppData\Roaming\npm
USERNAME=dell
OS=Windows_NT
PROCESSOR_IDENTIFIER=Intel64 Family 6 Model 61 Stepping 4, GenuineIntel



---------------  S Y S T E M  ---------------

OS: Windows 8.1 , 64 bit Build 9600 (6.3.9600.17415)

CPU:total 4 (2 cores per cpu, 2 threads per core) family 6 model 61 stepping 4, cmov, cx8, fxsr, mmx, sse, sse2, sse3, ssse3, sse4.1, sse4.2, popcnt, avx, avx2, aes, clmul, erms, 3dnowpref, lzcnt, ht, tsc, tscinvbit, bmi1, bmi2, adx

Memory: 4k page, physical 8297020k(2619808k free), swap 11049532k(4253420k free)

vm_info: Java HotSpot(TM) 64-Bit Server VM (25.60-b23) for windows-amd64 JRE (1.8.0_60-b27), built on Aug  4 2015 11:06:27 by "java_re" with MS VC++ 10.0 (VS2010)

time: Mon Oct 23 11:20:15 2017
elapsed time: 13 seconds (0d 0h 0m 13s)

